<?xml version="1.0" encoding="UTF-8"?>
<coverage generated="1710264599408" clover="3.2.0">
  <project timestamp="1710264599408" name="All files">
    <metrics statements="108" coveredstatements="89" conditionals="29" coveredconditionals="24" methods="42" coveredmethods="27" elements="179" coveredelements="140" complexity="0" loc="108" ncloc="108" packages="3" files="12" classes="12"/>
    <package name="components">
      <metrics statements="77" coveredstatements="65" conditionals="27" coveredconditionals="24" methods="31" coveredmethods="22"/>
      <file name="Body.js" path="C:\React js\react-project\src\components\Body.js">
        <metrics statements="28" coveredstatements="20" conditionals="8" coveredconditionals="6" methods="10" coveredmethods="5"/>
        <line num="8" count="1" type="stmt"/>
        <line num="9" count="2" type="stmt"/>
        <line num="10" count="2" type="stmt"/>
        <line num="11" count="2" type="stmt"/>
        <line num="13" count="2" type="stmt"/>
        <line num="15" count="2" type="stmt"/>
        <line num="16" count="0" type="stmt"/>
        <line num="17" count="0" type="stmt"/>
        <line num="20" count="0" type="stmt"/>
        <line num="23" count="2" type="stmt"/>
        <line num="24" count="1" type="stmt"/>
        <line num="27" count="2" type="stmt"/>
        <line num="28" count="1" type="cond" truecount="1" falsecount="1"/>
        <line num="29" count="1" type="stmt"/>
        <line num="33" count="2" type="stmt"/>
        <line num="34" count="2" type="stmt"/>
        <line num="36" count="2" type="stmt"/>
        <line num="38" count="2" type="stmt"/>
        <line num="42" count="2" type="stmt"/>
        <line num="50" count="2" type="stmt"/>
        <line num="52" count="2" type="cond" truecount="1" falsecount="1"/>
        <line num="53" count="0" type="stmt"/>
        <line num="55" count="2" type="cond" truecount="2" falsecount="0"/>
        <line num="67" count="0" type="stmt"/>
        <line num="73" count="0" type="stmt"/>
        <line num="74" count="0" type="stmt"/>
        <line num="76" count="0" type="stmt"/>
        <line num="94" count="9" type="stmt"/>
      </file>
      <file name="Contact.js" path="C:\React js\react-project\src\components\Contact.js">
        <metrics statements="11" coveredstatements="11" conditionals="2" coveredconditionals="2" methods="3" coveredmethods="3"/>
        <line num="3" count="1" type="stmt"/>
        <line num="4" count="8" type="stmt"/>
        <line num="9" count="8" type="stmt"/>
        <line num="11" count="8" type="stmt"/>
        <line num="12" count="3" type="stmt"/>
        <line num="13" count="3" type="stmt"/>
        <line num="19" count="8" type="stmt"/>
        <line num="20" count="1" type="stmt"/>
        <line num="22" count="1" type="stmt"/>
        <line num="27" count="1" type="stmt"/>
        <line num="30" count="8" type="stmt"/>
      </file>
      <file name="ItemCards.js" path="C:\React js\react-project\src\components\ItemCards.js">
        <metrics statements="11" coveredstatements="7" conditionals="0" coveredconditionals="0" methods="6" coveredmethods="2"/>
        <line num="7" count="1" type="stmt"/>
        <line num="8" count="1" type="stmt"/>
        <line num="10" count="1" type="stmt"/>
        <line num="12" count="1" type="stmt"/>
        <line num="13" count="0" type="stmt"/>
        <line num="16" count="1" type="stmt"/>
        <line num="17" count="0" type="stmt"/>
        <line num="20" count="1" type="stmt"/>
        <line num="23" count="4" type="stmt"/>
        <line num="42" count="0" type="stmt"/>
        <line num="48" count="0" type="stmt"/>
      </file>
      <file name="RestCard.js" path="C:\React js\react-project\src\components\RestCard.js">
        <metrics statements="7" coveredstatements="7" conditionals="0" coveredconditionals="0" methods="3" coveredmethods="3"/>
        <line num="4" count="2" type="stmt"/>
        <line num="5" count="11" type="stmt"/>
        <line num="14" count="11" type="stmt"/>
        <line num="15" count="11" type="stmt"/>
        <line num="35" count="2" type="stmt"/>
        <line num="36" count="3" type="stmt"/>
        <line num="37" count="9" type="stmt"/>
      </file>
      <file name="RestaurentCategory.js" path="C:\React js\react-project\src\components\RestaurentCategory.js">
        <metrics statements="6" coveredstatements="6" conditionals="3" coveredconditionals="3" methods="3" coveredmethods="3"/>
        <line num="4" count="1" type="stmt"/>
        <line num="5" count="16" type="stmt"/>
        <line num="7" count="16" type="stmt"/>
        <line num="8" count="1" type="stmt"/>
        <line num="9" count="1" type="stmt"/>
        <line num="12" count="16" type="stmt"/>
      </file>
      <file name="RestaurentMenu.js" path="C:\React js\react-project\src\components\RestaurentMenu.js">
        <metrics statements="11" coveredstatements="11" conditionals="14" coveredconditionals="13" methods="4" coveredmethods="4"/>
        <line num="9" count="1" type="stmt"/>
        <line num="11" count="4" type="stmt"/>
        <line num="13" count="3" type="stmt"/>
        <line num="15" count="3" type="stmt"/>
        <line num="37" count="3" type="cond" truecount="2" falsecount="0"/>
        <line num="40" count="3" type="stmt"/>
        <line num="42" count="22" type="stmt"/>
        <line num="46" count="3" type="stmt"/>
        <line num="48" count="3" type="cond" truecount="2" falsecount="0"/>
        <line num="64" count="16" type="stmt"/>
        <line num="69" count="1" type="stmt"/>
      </file>
      <file name="Shimmer.js" path="C:\React js\react-project\src\components\Shimmer.js">
        <metrics statements="3" coveredstatements="3" conditionals="0" coveredconditionals="0" methods="2" coveredmethods="2"/>
        <line num="3" count="2" type="stmt"/>
        <line num="4" count="2" type="stmt"/>
        <line num="11" count="24" type="stmt"/>
      </file>
    </package>
    <package name="utilis">
      <metrics statements="23" coveredstatements="21" conditionals="0" coveredconditionals="0" methods="7" coveredmethods="5"/>
      <file name="constants.js" path="C:\React js\react-project\src\utilis\constants.js">
        <metrics statements="5" coveredstatements="5" conditionals="0" coveredconditionals="0" methods="0" coveredmethods="0"/>
        <line num="1" count="3" type="stmt"/>
        <line num="3" count="3" type="stmt"/>
        <line num="5" count="3" type="stmt"/>
        <line num="7" count="3" type="stmt"/>
        <line num="9" count="3" type="stmt"/>
      </file>
      <file name="useListResponse.js" path="C:\React js\react-project\src\utilis\useListResponse.js">
        <metrics statements="10" coveredstatements="10" conditionals="0" coveredconditionals="0" methods="3" coveredmethods="3"/>
        <line num="4" count="1" type="stmt"/>
        <line num="5" count="3" type="stmt"/>
        <line num="7" count="3" type="stmt"/>
        <line num="8" count="1" type="stmt"/>
        <line num="11" count="3" type="stmt"/>
        <line num="12" count="1" type="stmt"/>
        <line num="13" count="1" type="stmt"/>
        <line num="14" count="1" type="stmt"/>
        <line num="15" count="1" type="stmt"/>
        <line num="18" count="3" type="stmt"/>
      </file>
      <file name="useOnlineStatus.js" path="C:\React js\react-project\src\utilis\useOnlineStatus.js">
        <metrics statements="8" coveredstatements="6" conditionals="0" coveredconditionals="0" methods="4" coveredmethods="2"/>
        <line num="3" count="1" type="stmt"/>
        <line num="4" count="2" type="stmt"/>
        <line num="6" count="2" type="stmt"/>
        <line num="7" count="1" type="stmt"/>
        <line num="8" count="0" type="stmt"/>
        <line num="11" count="1" type="stmt"/>
        <line num="12" count="0" type="stmt"/>
        <line num="16" count="2" type="stmt"/>
      </file>
    </package>
    <package name="utilis.store">
      <metrics statements="8" coveredstatements="3" conditionals="2" coveredconditionals="0" methods="4" coveredmethods="0"/>
      <file name="appStore.js" path="C:\React js\react-project\src\utilis\store\appStore.js">
        <metrics statements="1" coveredstatements="1" conditionals="0" coveredconditionals="0" methods="0" coveredmethods="0"/>
        <line num="4" count="1" type="stmt"/>
      </file>
      <file name="cartSlice.js" path="C:\React js\react-project\src\utilis\store\cartSlice.js">
        <metrics statements="7" coveredstatements="2" conditionals="2" coveredconditionals="0" methods="4" coveredmethods="0"/>
        <line num="3" count="1" type="stmt"/>
        <line num="10" count="0" type="stmt"/>
        <line num="13" count="0" type="stmt"/>
        <line num="14" count="0" type="cond" truecount="0" falsecount="2"/>
        <line num="16" count="0" type="stmt"/>
        <line num="20" count="0" type="stmt"/>
        <line num="25" count="1" type="stmt"/>
      </file>
    </package>
  </project>
</coverage>
