{"C:\\React js\\react-project\\src\\components\\Body.js": {"path":"C:\\React js\\react-project\\src\\components\\Body.js","statementMap":{"0":{"start":{"line":8,"column":13},"end":{"line":115,"column":1}},"1":{"start":{"line":9,"column":34},"end":{"line":9,"column":46}},"2":{"start":{"line":10,"column":38},"end":{"line":10,"column":50}},"3":{"start":{"line":11,"column":38},"end":{"line":11,"column":50}},"4":{"start":{"line":13,"column":27},"end":{"line":13,"column":49}},"5":{"start":{"line":15,"column":22},"end":{"line":21,"column":3}},"6":{"start":{"line":16,"column":23},"end":{"line":18,"column":5}},"7":{"start":{"line":17,"column":15},"end":{"line":17,"column":47}},"8":{"start":{"line":20,"column":4},"end":{"line":20,"column":32}},"9":{"start":{"line":23,"column":2},"end":{"line":25,"column":9}},"10":{"start":{"line":24,"column":4},"end":{"line":24,"column":16}},"11":{"start":{"line":27,"column":2},"end":{"line":31,"column":19}},"12":{"start":{"line":28,"column":4},"end":{"line":30,"column":5}},"13":{"start":{"line":29,"column":6},"end":{"line":29,"column":18}},"14":{"start":{"line":33,"column":20},"end":{"line":46,"column":3}},"15":{"start":{"line":34,"column":17},"end":{"line":34,"column":38}},"16":{"start":{"line":36,"column":21},"end":{"line":36,"column":38}},"17":{"start":{"line":38,"column":4},"end":{"line":41,"column":6}},"18":{"start":{"line":42,"column":4},"end":{"line":45,"column":6}},"19":{"start":{"line":50,"column":23},"end":{"line":50,"column":40}},"20":{"start":{"line":52,"column":2},"end":{"line":53,"column":62}},"21":{"start":{"line":53,"column":4},"end":{"line":53,"column":62}},"22":{"start":{"line":55,"column":2},"end":{"line":114,"column":4}},"23":{"start":{"line":67,"column":14},"end":{"line":67,"column":44}},"24":{"start":{"line":73,"column":35},"end":{"line":75,"column":15}},"25":{"start":{"line":74,"column":16},"end":{"line":74,"column":78}},"26":{"start":{"line":76,"column":14},"end":{"line":76,"column":42}},"27":{"start":{"line":94,"column":10},"end":{"line":110,"column":17}}},"fnMap":{"0":{"name":"(anonymous_0)","decl":{"start":{"line":8,"column":13},"end":{"line":8,"column":14}},"loc":{"start":{"line":8,"column":19},"end":{"line":115,"column":1}},"line":8},"1":{"name":"(anonymous_1)","decl":{"start":{"line":15,"column":22},"end":{"line":15,"column":23}},"loc":{"start":{"line":15,"column":28},"end":{"line":21,"column":3}},"line":15},"2":{"name":"(anonymous_2)","decl":{"start":{"line":17,"column":6},"end":{"line":17,"column":7}},"loc":{"start":{"line":17,"column":15},"end":{"line":17,"column":47}},"line":17},"3":{"name":"(anonymous_3)","decl":{"start":{"line":23,"column":12},"end":{"line":23,"column":13}},"loc":{"start":{"line":23,"column":18},"end":{"line":25,"column":3}},"line":23},"4":{"name":"(anonymous_4)","decl":{"start":{"line":27,"column":12},"end":{"line":27,"column":13}},"loc":{"start":{"line":27,"column":18},"end":{"line":31,"column":3}},"line":27},"5":{"name":"(anonymous_5)","decl":{"start":{"line":33,"column":20},"end":{"line":33,"column":21}},"loc":{"start":{"line":33,"column":32},"end":{"line":46,"column":3}},"line":33},"6":{"name":"(anonymous_6)","decl":{"start":{"line":66,"column":22},"end":{"line":66,"column":23}},"loc":{"start":{"line":66,"column":29},"end":{"line":68,"column":13}},"line":66},"7":{"name":"(anonymous_7)","decl":{"start":{"line":72,"column":21},"end":{"line":72,"column":22}},"loc":{"start":{"line":72,"column":27},"end":{"line":78,"column":13}},"line":72},"8":{"name":"(anonymous_8)","decl":{"start":{"line":73,"column":51},"end":{"line":73,"column":52}},"loc":{"start":{"line":74,"column":16},"end":{"line":74,"column":78}},"line":74},"9":{"name":"(anonymous_9)","decl":{"start":{"line":93,"column":24},"end":{"line":93,"column":25}},"loc":{"start":{"line":94,"column":10},"end":{"line":110,"column":17}},"line":94}},"branchMap":{"0":{"loc":{"start":{"line":28,"column":4},"end":{"line":30,"column":5}},"type":"if","locations":[{"start":{"line":28,"column":4},"end":{"line":30,"column":5}},{"start":{},"end":{}}],"line":28},"1":{"loc":{"start":{"line":52,"column":2},"end":{"line":53,"column":62}},"type":"if","locations":[{"start":{"line":52,"column":2},"end":{"line":53,"column":62}},{"start":{},"end":{}}],"line":52},"2":{"loc":{"start":{"line":55,"column":9},"end":{"line":114,"column":3}},"type":"cond-expr","locations":[{"start":{"line":56,"column":4},"end":{"line":56,"column":15}},{"start":{"line":58,"column":4},"end":{"line":113,"column":7}}],"line":55},"3":{"loc":{"start":{"line":99,"column":13},"end":{"line":109,"column":13}},"type":"cond-expr","locations":[{"start":{"line":100,"column":14},"end":{"line":106,"column":16}},{"start":{"line":108,"column":14},"end":{"line":108,"column":54}}],"line":99}},"s":{"0":1,"1":2,"2":2,"3":2,"4":2,"5":2,"6":0,"7":0,"8":0,"9":2,"10":1,"11":2,"12":1,"13":1,"14":2,"15":2,"16":2,"17":2,"18":2,"19":2,"20":2,"21":0,"22":2,"23":0,"24":0,"25":0,"26":0,"27":9},"f":{"0":2,"1":0,"2":0,"3":1,"4":1,"5":2,"6":0,"7":0,"8":0,"9":9},"b":{"0":[1,0],"1":[0,2],"2":[1,1],"3":[8,1]},"_coverageSchema":"1a1c01bbd47fc00a2c39e90264f33305004495a9","hash":"5fb3dc07a7d647e165ba8e920a83d98de492d5ad"}
,"C:\\React js\\react-project\\src\\components\\Contact.js": {"path":"C:\\React js\\react-project\\src\\components\\Contact.js","statementMap":{"0":{"start":{"line":3,"column":16},"end":{"line":104,"column":1}},"1":{"start":{"line":4,"column":34},"end":{"line":8,"column":4}},"2":{"start":{"line":9,"column":40},"end":{"line":9,"column":55}},"3":{"start":{"line":11,"column":23},"end":{"line":17,"column":3}},"4":{"start":{"line":12,"column":28},"end":{"line":12,"column":36}},"5":{"start":{"line":13,"column":4},"end":{"line":16,"column":7}},"6":{"start":{"line":19,"column":23},"end":{"line":28,"column":3}},"7":{"start":{"line":20,"column":4},"end":{"line":20,"column":23}},"8":{"start":{"line":22,"column":4},"end":{"line":26,"column":7}},"9":{"start":{"line":27,"column":4},"end":{"line":27,"column":25}},"10":{"start":{"line":30,"column":2},"end":{"line":103,"column":4}}},"fnMap":{"0":{"name":"(anonymous_0)","decl":{"start":{"line":3,"column":16},"end":{"line":3,"column":17}},"loc":{"start":{"line":3,"column":22},"end":{"line":104,"column":1}},"line":3},"1":{"name":"(anonymous_1)","decl":{"start":{"line":11,"column":23},"end":{"line":11,"column":24}},"loc":{"start":{"line":11,"column":30},"end":{"line":17,"column":3}},"line":11},"2":{"name":"(anonymous_2)","decl":{"start":{"line":19,"column":23},"end":{"line":19,"column":24}},"loc":{"start":{"line":19,"column":30},"end":{"line":28,"column":3}},"line":19}},"branchMap":{"0":{"loc":{"start":{"line":94,"column":11},"end":{"line":99,"column":11}},"type":"binary-expr","locations":[{"start":{"line":94,"column":11},"end":{"line":94,"column":22}},{"start":{"line":95,"column":12},"end":{"line":98,"column":16}}],"line":94}},"s":{"0":1,"1":8,"2":8,"3":8,"4":3,"5":3,"6":8,"7":1,"8":1,"9":1,"10":8},"f":{"0":8,"1":3,"2":1},"b":{"0":[8,1]},"_coverageSchema":"1a1c01bbd47fc00a2c39e90264f33305004495a9","hash":"4436b26f0b44c1a064c0c1dc65ee50796ed8deec"}
,"C:\\React js\\react-project\\src\\components\\ItemCards.js": {"path":"C:\\React js\\react-project\\src\\components\\ItemCards.js","statementMap":{"0":{"start":{"line":7,"column":18},"end":{"line":62,"column":1}},"1":{"start":{"line":8,"column":2},"end":{"line":8,"column":21}},"2":{"start":{"line":10,"column":19},"end":{"line":10,"column":32}},"3":{"start":{"line":12,"column":20},"end":{"line":14,"column":3}},"4":{"start":{"line":13,"column":4},"end":{"line":13,"column":28}},"5":{"start":{"line":16,"column":23},"end":{"line":18,"column":3}},"6":{"start":{"line":17,"column":4},"end":{"line":17,"column":31}},"7":{"start":{"line":20,"column":2},"end":{"line":61,"column":4}},"8":{"start":{"line":23,"column":8},"end":{"line":58,"column":14}},"9":{"start":{"line":42,"column":31},"end":{"line":42,"column":46}},"10":{"start":{"line":48,"column":31},"end":{"line":48,"column":49}}},"fnMap":{"0":{"name":"(anonymous_0)","decl":{"start":{"line":7,"column":18},"end":{"line":7,"column":19}},"loc":{"start":{"line":7,"column":33},"end":{"line":62,"column":1}},"line":7},"1":{"name":"(anonymous_1)","decl":{"start":{"line":12,"column":20},"end":{"line":12,"column":21}},"loc":{"start":{"line":12,"column":30},"end":{"line":14,"column":3}},"line":12},"2":{"name":"(anonymous_2)","decl":{"start":{"line":16,"column":23},"end":{"line":16,"column":24}},"loc":{"start":{"line":16,"column":33},"end":{"line":18,"column":3}},"line":16},"3":{"name":"(anonymous_3)","decl":{"start":{"line":22,"column":17},"end":{"line":22,"column":18}},"loc":{"start":{"line":23,"column":8},"end":{"line":58,"column":14}},"line":23},"4":{"name":"(anonymous_4)","decl":{"start":{"line":42,"column":25},"end":{"line":42,"column":26}},"loc":{"start":{"line":42,"column":31},"end":{"line":42,"column":46}},"line":42},"5":{"name":"(anonymous_5)","decl":{"start":{"line":48,"column":25},"end":{"line":48,"column":26}},"loc":{"start":{"line":48,"column":31},"end":{"line":48,"column":49}},"line":48}},"branchMap":{},"s":{"0":1,"1":1,"2":1,"3":1,"4":0,"5":1,"6":0,"7":1,"8":4,"9":0,"10":0},"f":{"0":1,"1":0,"2":0,"3":4,"4":0,"5":0},"b":{},"_coverageSchema":"1a1c01bbd47fc00a2c39e90264f33305004495a9","hash":"02a9acd251eaef7fb1fb574d25112372f77fa018"}
,"C:\\React js\\react-project\\src\\components\\RestCard.js": {"path":"C:\\React js\\react-project\\src\\components\\RestCard.js","statementMap":{"0":{"start":{"line":4,"column":17},"end":{"line":32,"column":1}},"1":{"start":{"line":5,"column":23},"end":{"line":5,"column":28}},"2":{"start":{"line":14,"column":6},"end":{"line":14,"column":14}},"3":{"start":{"line":15,"column":2},"end":{"line":31,"column":4}},"4":{"start":{"line":35,"column":28},"end":{"line":46,"column":1}},"5":{"start":{"line":36,"column":2},"end":{"line":45,"column":4}},"6":{"start":{"line":37,"column":4},"end":{"line":44,"column":6}}},"fnMap":{"0":{"name":"(anonymous_0)","decl":{"start":{"line":4,"column":17},"end":{"line":4,"column":18}},"loc":{"start":{"line":4,"column":28},"end":{"line":32,"column":1}},"line":4},"1":{"name":"(anonymous_1)","decl":{"start":{"line":35,"column":28},"end":{"line":35,"column":29}},"loc":{"start":{"line":35,"column":42},"end":{"line":46,"column":1}},"line":35},"2":{"name":"(anonymous_2)","decl":{"start":{"line":36,"column":9},"end":{"line":36,"column":10}},"loc":{"start":{"line":36,"column":55},"end":{"line":45,"column":3}},"line":36}},"branchMap":{},"s":{"0":2,"1":11,"2":11,"3":11,"4":2,"5":3,"6":9},"f":{"0":11,"1":3,"2":9},"b":{},"_coverageSchema":"1a1c01bbd47fc00a2c39e90264f33305004495a9","hash":"e5cce6f4886cbb130b2f410bbec91a0d54b330de"}
,"C:\\React js\\react-project\\src\\components\\RestaurentCategory.js": {"path":"C:\\React js\\react-project\\src\\components\\RestaurentCategory.js","statementMap":{"0":{"start":{"line":4,"column":27},"end":{"line":26,"column":1}},"1":{"start":{"line":5,"column":30},"end":{"line":5,"column":45}},"2":{"start":{"line":7,"column":22},"end":{"line":10,"column":3}},"3":{"start":{"line":8,"column":4},"end":{"line":8,"column":19}},"4":{"start":{"line":9,"column":4},"end":{"line":9,"column":31}},"5":{"start":{"line":9,"column":24},"end":{"line":9,"column":29}},"6":{"start":{"line":12,"column":2},"end":{"line":25,"column":4}}},"fnMap":{"0":{"name":"(anonymous_0)","decl":{"start":{"line":4,"column":27},"end":{"line":4,"column":28}},"loc":{"start":{"line":4,"column":66},"end":{"line":26,"column":1}},"line":4},"1":{"name":"(anonymous_1)","decl":{"start":{"line":7,"column":22},"end":{"line":7,"column":23}},"loc":{"start":{"line":7,"column":28},"end":{"line":10,"column":3}},"line":7},"2":{"name":"(anonymous_2)","decl":{"start":{"line":9,"column":14},"end":{"line":9,"column":15}},"loc":{"start":{"line":9,"column":24},"end":{"line":9,"column":29}},"line":9}},"branchMap":{"0":{"loc":{"start":{"line":23,"column":12},"end":{"line":23,"column":72}},"type":"binary-expr","locations":[{"start":{"line":23,"column":12},"end":{"line":23,"column":21}},{"start":{"line":23,"column":25},"end":{"line":23,"column":31}},{"start":{"line":23,"column":35},"end":{"line":23,"column":72}}],"line":23}},"s":{"0":1,"1":16,"2":16,"3":1,"4":1,"5":1,"6":16},"f":{"0":16,"1":1,"2":1},"b":{"0":[16,1,1]},"_coverageSchema":"1a1c01bbd47fc00a2c39e90264f33305004495a9","hash":"3b7346dd13dee4cfb422ce0df9d485830623b385"}
,"C:\\React js\\react-project\\src\\components\\RestaurentMenu.js": {"path":"C:\\React js\\react-project\\src\\components\\RestaurentMenu.js","statementMap":{"0":{"start":{"line":9,"column":23},"end":{"line":75,"column":1}},"1":{"start":{"line":11,"column":20},"end":{"line":11,"column":31}},"2":{"start":{"line":13,"column":36},"end":{"line":13,"column":50}},"3":{"start":{"line":15,"column":23},"end":{"line":15,"column":45}},"4":{"start":{"line":37,"column":6},"end":{"line":37,"column":52}},"5":{"start":{"line":40,"column":4},"end":{"line":44,"column":5}},"6":{"start":{"line":42,"column":8},"end":{"line":43,"column":70}},"7":{"start":{"line":46,"column":2},"end":{"line":46,"column":37}},"8":{"start":{"line":48,"column":2},"end":{"line":74,"column":4}},"9":{"start":{"line":64,"column":12},"end":{"line":70,"column":14}},"10":{"start":{"line":69,"column":34},"end":{"line":69,"column":53}}},"fnMap":{"0":{"name":"(anonymous_0)","decl":{"start":{"line":9,"column":23},"end":{"line":9,"column":24}},"loc":{"start":{"line":9,"column":29},"end":{"line":75,"column":1}},"line":9},"1":{"name":"(anonymous_1)","decl":{"start":{"line":41,"column":6},"end":{"line":41,"column":7}},"loc":{"start":{"line":42,"column":8},"end":{"line":43,"column":70}},"line":42},"2":{"name":"(anonymous_2)","decl":{"start":{"line":63,"column":25},"end":{"line":63,"column":26}},"loc":{"start":{"line":64,"column":12},"end":{"line":70,"column":14}},"line":64},"3":{"name":"(anonymous_3)","decl":{"start":{"line":69,"column":28},"end":{"line":69,"column":29}},"loc":{"start":{"line":69,"column":34},"end":{"line":69,"column":53}},"line":69}},"branchMap":{"0":{"loc":{"start":{"line":31,"column":4},"end":{"line":31,"column":17}},"type":"default-arg","locations":[{"start":{"line":31,"column":15},"end":{"line":31,"column":17}}],"line":31},"1":{"loc":{"start":{"line":32,"column":4},"end":{"line":32,"column":13}},"type":"default-arg","locations":[{"start":{"line":32,"column":11},"end":{"line":32,"column":13}}],"line":32},"2":{"loc":{"start":{"line":33,"column":4},"end":{"line":33,"column":18}},"type":"default-arg","locations":[{"start":{"line":33,"column":16},"end":{"line":33,"column":18}}],"line":33},"3":{"loc":{"start":{"line":34,"column":4},"end":{"line":34,"column":18}},"type":"default-arg","locations":[{"start":{"line":34,"column":15},"end":{"line":34,"column":18}}],"line":34},"4":{"loc":{"start":{"line":35,"column":4},"end":{"line":35,"column":21}},"type":"default-arg","locations":[{"start":{"line":35,"column":19},"end":{"line":35,"column":21}}],"line":35},"5":{"loc":{"start":{"line":36,"column":9},"end":{"line":36,"column":30}},"type":"default-arg","locations":[{"start":{"line":36,"column":28},"end":{"line":36,"column":30}}],"line":36},"6":{"loc":{"start":{"line":37,"column":6},"end":{"line":37,"column":52}},"type":"binary-expr","locations":[{"start":{"line":37,"column":6},"end":{"line":37,"column":46}},{"start":{"line":37,"column":50},"end":{"line":37,"column":52}}],"line":37},"7":{"loc":{"start":{"line":48,"column":9},"end":{"line":74,"column":3}},"type":"cond-expr","locations":[{"start":{"line":49,"column":4},"end":{"line":49,"column":15}},{"start":{"line":51,"column":4},"end":{"line":73,"column":7}}],"line":48},"8":{"loc":{"start":{"line":57,"column":9},"end":{"line":61,"column":9}},"type":"binary-expr","locations":[{"start":{"line":57,"column":9},"end":{"line":57,"column":32}},{"start":{"line":58,"column":10},"end":{"line":60,"column":15}}],"line":57},"9":{"loc":{"start":{"line":62,"column":9},"end":{"line":71,"column":12}},"type":"binary-expr","locations":[{"start":{"line":62,"column":9},"end":{"line":62,"column":19}},{"start":{"line":63,"column":10},"end":{"line":71,"column":12}}],"line":62}},"s":{"0":1,"1":4,"2":3,"3":3,"4":3,"5":3,"6":22,"7":3,"8":3,"9":16,"10":1},"f":{"0":4,"1":22,"2":16,"3":1},"b":{"0":[3],"1":[3],"2":[3],"3":[3],"4":[3],"5":[3],"6":[3,3],"7":[1,2],"8":[2,0],"9":[2,2]},"_coverageSchema":"1a1c01bbd47fc00a2c39e90264f33305004495a9","hash":"5aaafdedf7c6c2a3ebb44e7b8e80b31c8e250535"}
,"C:\\React js\\react-project\\src\\components\\Shimmer.js": {"path":"C:\\React js\\react-project\\src\\components\\Shimmer.js","statementMap":{"0":{"start":{"line":3,"column":16},"end":{"line":28,"column":1}},"1":{"start":{"line":4,"column":2},"end":{"line":27,"column":4}},"2":{"start":{"line":11,"column":12},"end":{"line":23,"column":18}}},"fnMap":{"0":{"name":"(anonymous_0)","decl":{"start":{"line":3,"column":16},"end":{"line":3,"column":17}},"loc":{"start":{"line":3,"column":22},"end":{"line":28,"column":1}},"line":3},"1":{"name":"(anonymous_1)","decl":{"start":{"line":10,"column":15},"end":{"line":10,"column":16}},"loc":{"start":{"line":11,"column":12},"end":{"line":23,"column":18}},"line":11}},"branchMap":{},"s":{"0":2,"1":2,"2":24},"f":{"0":2,"1":24},"b":{},"_coverageSchema":"1a1c01bbd47fc00a2c39e90264f33305004495a9","hash":"7a372e5dae212fc8c85fc89f3d79eef5f33d1038"}
,"C:\\React js\\react-project\\src\\utilis\\constants.js": {"path":"C:\\React js\\react-project\\src\\utilis\\constants.js","statementMap":{"0":{"start":{"line":1,"column":24},"end":{"line":1,"column":127}},"1":{"start":{"line":3,"column":22},"end":{"line":3,"column":105}},"2":{"start":{"line":5,"column":23},"end":{"line":5,"column":107}},"3":{"start":{"line":7,"column":23},"end":{"line":7,"column":153}},"4":{"start":{"line":9,"column":24},"end":{"line":9,"column":158}}},"fnMap":{},"branchMap":{},"s":{"0":3,"1":3,"2":3,"3":3,"4":3},"f":{},"b":{},"_coverageSchema":"1a1c01bbd47fc00a2c39e90264f33305004495a9","hash":"a60ee7647ce2b45d8f8d865334d35693a8187d47"}
,"C:\\React js\\react-project\\src\\utilis\\useListResponse.js": {"path":"C:\\React js\\react-project\\src\\utilis\\useListResponse.js","statementMap":{"0":{"start":{"line":4,"column":24},"end":{"line":19,"column":1}},"1":{"start":{"line":5,"column":42},"end":{"line":5,"column":56}},"2":{"start":{"line":7,"column":2},"end":{"line":9,"column":9}},"3":{"start":{"line":8,"column":4},"end":{"line":8,"column":16}},"4":{"start":{"line":11,"column":20},"end":{"line":16,"column":3}},"5":{"start":{"line":12,"column":17},"end":{"line":12,"column":46}},"6":{"start":{"line":13,"column":21},"end":{"line":13,"column":38}},"7":{"start":{"line":14,"column":4},"end":{"line":14,"column":31}},"8":{"start":{"line":15,"column":4},"end":{"line":15,"column":35}},"9":{"start":{"line":18,"column":2},"end":{"line":18,"column":22}}},"fnMap":{"0":{"name":"(anonymous_0)","decl":{"start":{"line":4,"column":24},"end":{"line":4,"column":25}},"loc":{"start":{"line":4,"column":35},"end":{"line":19,"column":1}},"line":4},"1":{"name":"(anonymous_1)","decl":{"start":{"line":7,"column":12},"end":{"line":7,"column":13}},"loc":{"start":{"line":7,"column":18},"end":{"line":9,"column":3}},"line":7},"2":{"name":"(anonymous_2)","decl":{"start":{"line":11,"column":20},"end":{"line":11,"column":21}},"loc":{"start":{"line":11,"column":32},"end":{"line":16,"column":3}},"line":11}},"branchMap":{},"s":{"0":1,"1":3,"2":3,"3":1,"4":3,"5":1,"6":1,"7":1,"8":1,"9":3},"f":{"0":3,"1":1,"2":1},"b":{},"_coverageSchema":"1a1c01bbd47fc00a2c39e90264f33305004495a9","hash":"244952ffbafcbec4cc1c4fe180c01f50be79c29d"}
,"C:\\React js\\react-project\\src\\utilis\\useOnlineStatus.js": {"path":"C:\\React js\\react-project\\src\\utilis\\useOnlineStatus.js","statementMap":{"0":{"start":{"line":3,"column":24},"end":{"line":17,"column":1}},"1":{"start":{"line":4,"column":43},"end":{"line":4,"column":57}},"2":{"start":{"line":6,"column":2},"end":{"line":14,"column":9}},"3":{"start":{"line":7,"column":4},"end":{"line":9,"column":7}},"4":{"start":{"line":8,"column":6},"end":{"line":8,"column":29}},"5":{"start":{"line":11,"column":4},"end":{"line":13,"column":7}},"6":{"start":{"line":12,"column":6},"end":{"line":12,"column":30}},"7":{"start":{"line":16,"column":2},"end":{"line":16,"column":22}}},"fnMap":{"0":{"name":"(anonymous_0)","decl":{"start":{"line":3,"column":24},"end":{"line":3,"column":25}},"loc":{"start":{"line":3,"column":30},"end":{"line":17,"column":1}},"line":3},"1":{"name":"(anonymous_1)","decl":{"start":{"line":6,"column":12},"end":{"line":6,"column":13}},"loc":{"start":{"line":6,"column":18},"end":{"line":14,"column":3}},"line":6},"2":{"name":"(anonymous_2)","decl":{"start":{"line":7,"column":38},"end":{"line":7,"column":39}},"loc":{"start":{"line":7,"column":44},"end":{"line":9,"column":5}},"line":7},"3":{"name":"(anonymous_3)","decl":{"start":{"line":11,"column":39},"end":{"line":11,"column":40}},"loc":{"start":{"line":11,"column":45},"end":{"line":13,"column":5}},"line":11}},"branchMap":{},"s":{"0":1,"1":2,"2":2,"3":1,"4":0,"5":1,"6":0,"7":2},"f":{"0":2,"1":1,"2":0,"3":0},"b":{},"_coverageSchema":"1a1c01bbd47fc00a2c39e90264f33305004495a9","hash":"92a5f9f425a7258e1a7bf16364d8a3963c36c7f3"}
,"C:\\React js\\react-project\\src\\utilis\\store\\appStore.js": {"path":"C:\\React js\\react-project\\src\\utilis\\store\\appStore.js","statementMap":{"0":{"start":{"line":4,"column":17},"end":{"line":8,"column":2}}},"fnMap":{},"branchMap":{},"s":{"0":1},"f":{},"b":{},"_coverageSchema":"1a1c01bbd47fc00a2c39e90264f33305004495a9","hash":"e164a2c262584de755d9007de36a8fd290d12a76"}
,"C:\\React js\\react-project\\src\\utilis\\store\\cartSlice.js": {"path":"C:\\React js\\react-project\\src\\utilis\\store\\cartSlice.js","statementMap":{"0":{"start":{"line":3,"column":18},"end":{"line":23,"column":2}},"1":{"start":{"line":10,"column":6},"end":{"line":10,"column":39}},"2":{"start":{"line":13,"column":30},"end":{"line":13,"column":90}},"3":{"start":{"line":13,"column":60},"end":{"line":13,"column":89}},"4":{"start":{"line":14,"column":8},"end":{"line":17,"column":9}},"5":{"start":{"line":16,"column":10},"end":{"line":16,"column":47}},"6":{"start":{"line":20,"column":6},"end":{"line":20,"column":27}},"7":{"start":{"line":25,"column":50},"end":{"line":25,"column":67}}},"fnMap":{"0":{"name":"(anonymous_0)","decl":{"start":{"line":9,"column":13},"end":{"line":9,"column":14}},"loc":{"start":{"line":9,"column":32},"end":{"line":11,"column":5}},"line":9},"1":{"name":"(anonymous_1)","decl":{"start":{"line":12,"column":16},"end":{"line":12,"column":17}},"loc":{"start":{"line":12,"column":34},"end":{"line":18,"column":9}},"line":12},"2":{"name":"(anonymous_2)","decl":{"start":{"line":13,"column":52},"end":{"line":13,"column":53}},"loc":{"start":{"line":13,"column":60},"end":{"line":13,"column":89}},"line":13},"3":{"name":"(anonymous_3)","decl":{"start":{"line":19,"column":15},"end":{"line":19,"column":16}},"loc":{"start":{"line":19,"column":26},"end":{"line":21,"column":5}},"line":19}},"branchMap":{"0":{"loc":{"start":{"line":14,"column":8},"end":{"line":17,"column":9}},"type":"if","locations":[{"start":{"line":14,"column":8},"end":{"line":17,"column":9}},{"start":{},"end":{}}],"line":14}},"s":{"0":1,"1":0,"2":0,"3":0,"4":0,"5":0,"6":0,"7":1},"f":{"0":0,"1":0,"2":0,"3":0},"b":{"0":[0,0]},"_coverageSchema":"1a1c01bbd47fc00a2c39e90264f33305004495a9","hash":"7900a9545ec5715b92341d97f4d9c9f8dca69edd"}
}
