TN:
SF:src\components\Body.js
FN:8,(anonymous_0)
FN:15,(anonymous_1)
FN:17,(anonymous_2)
FN:23,(anonymous_3)
FN:27,(anonymous_4)
FN:33,(anonymous_5)
FN:66,(anonymous_6)
FN:72,(anonymous_7)
FN:73,(anonymous_8)
FN:93,(anonymous_9)
FNF:10
FNH:5
FNDA:2,(anonymous_0)
FNDA:0,(anonymous_1)
FNDA:0,(anonymous_2)
FNDA:1,(anonymous_3)
FNDA:1,(anonymous_4)
FNDA:2,(anonymous_5)
FNDA:0,(anonymous_6)
FNDA:0,(anonymous_7)
FNDA:0,(anonymous_8)
FNDA:9,(anonymous_9)
DA:8,1
DA:9,2
DA:10,2
DA:11,2
DA:13,2
DA:15,2
DA:16,0
DA:17,0
DA:20,0
DA:23,2
DA:24,1
DA:27,2
DA:28,1
DA:29,1
DA:33,2
DA:34,2
DA:36,2
DA:38,2
DA:42,2
DA:50,2
DA:52,2
DA:53,0
DA:55,2
DA:67,0
DA:73,0
DA:74,0
DA:76,0
DA:94,9
LF:28
LH:20
BRDA:28,0,0,1
BRDA:28,0,1,0
BRDA:52,1,0,0
BRDA:52,1,1,2
BRDA:55,2,0,1
BRDA:55,2,1,1
BRDA:99,3,0,8
BRDA:99,3,1,1
BRF:8
BRH:6
end_of_record
TN:
SF:src\components\Contact.js
FN:3,(anonymous_0)
FN:11,(anonymous_1)
FN:19,(anonymous_2)
FNF:3
FNH:3
FNDA:8,(anonymous_0)
FNDA:3,(anonymous_1)
FNDA:1,(anonymous_2)
DA:3,1
DA:4,8
DA:9,8
DA:11,8
DA:12,3
DA:13,3
DA:19,8
DA:20,1
DA:22,1
DA:27,1
DA:30,8
LF:11
LH:11
BRDA:94,0,0,8
BRDA:94,0,1,1
BRF:2
BRH:2
end_of_record
TN:
SF:src\components\ItemCards.js
FN:7,(anonymous_0)
FN:12,(anonymous_1)
FN:16,(anonymous_2)
FN:22,(anonymous_3)
FN:42,(anonymous_4)
FN:48,(anonymous_5)
FNF:6
FNH:2
FNDA:1,(anonymous_0)
FNDA:0,(anonymous_1)
FNDA:0,(anonymous_2)
FNDA:4,(anonymous_3)
FNDA:0,(anonymous_4)
FNDA:0,(anonymous_5)
DA:7,1
DA:8,1
DA:10,1
DA:12,1
DA:13,0
DA:16,1
DA:17,0
DA:20,1
DA:23,4
DA:42,0
DA:48,0
LF:11
LH:7
BRF:0
BRH:0
end_of_record
TN:
SF:src\components\RestCard.js
FN:4,(anonymous_0)
FN:35,(anonymous_1)
FN:36,(anonymous_2)
FNF:3
FNH:3
FNDA:11,(anonymous_0)
FNDA:3,(anonymous_1)
FNDA:9,(anonymous_2)
DA:4,2
DA:5,11
DA:14,11
DA:15,11
DA:35,2
DA:36,3
DA:37,9
LF:7
LH:7
BRF:0
BRH:0
end_of_record
TN:
SF:src\components\RestaurentCategory.js
FN:4,(anonymous_0)
FN:7,(anonymous_1)
FN:9,(anonymous_2)
FNF:3
FNH:3
FNDA:16,(anonymous_0)
FNDA:1,(anonymous_1)
FNDA:1,(anonymous_2)
DA:4,1
DA:5,16
DA:7,16
DA:8,1
DA:9,1
DA:12,16
LF:6
LH:6
BRDA:23,0,0,16
BRDA:23,0,1,1
BRDA:23,0,2,1
BRF:3
BRH:3
end_of_record
TN:
SF:src\components\RestaurentMenu.js
FN:9,(anonymous_0)
FN:41,(anonymous_1)
FN:63,(anonymous_2)
FN:69,(anonymous_3)
FNF:4
FNH:4
FNDA:4,(anonymous_0)
FNDA:22,(anonymous_1)
FNDA:16,(anonymous_2)
FNDA:1,(anonymous_3)
DA:9,1
DA:11,4
DA:13,3
DA:15,3
DA:37,3
DA:40,3
DA:42,22
DA:46,3
DA:48,3
DA:64,16
DA:69,1
LF:11
LH:11
BRDA:31,0,0,3
BRDA:32,1,0,3
BRDA:33,2,0,3
BRDA:34,3,0,3
BRDA:35,4,0,3
BRDA:36,5,0,3
BRDA:37,6,0,3
BRDA:37,6,1,3
BRDA:48,7,0,1
BRDA:48,7,1,2
BRDA:57,8,0,2
BRDA:57,8,1,0
BRDA:62,9,0,2
BRDA:62,9,1,2
BRF:14
BRH:13
end_of_record
TN:
SF:src\components\Shimmer.js
FN:3,(anonymous_0)
FN:10,(anonymous_1)
FNF:2
FNH:2
FNDA:2,(anonymous_0)
FNDA:24,(anonymous_1)
DA:3,2
DA:4,2
DA:11,24
LF:3
LH:3
BRF:0
BRH:0
end_of_record
TN:
SF:src\utilis\constants.js
FNF:0
FNH:0
DA:1,3
DA:3,3
DA:5,3
DA:7,3
DA:9,3
LF:5
LH:5
BRF:0
BRH:0
end_of_record
TN:
SF:src\utilis\useListResponse.js
FN:4,(anonymous_0)
FN:7,(anonymous_1)
FN:11,(anonymous_2)
FNF:3
FNH:3
FNDA:3,(anonymous_0)
FNDA:1,(anonymous_1)
FNDA:1,(anonymous_2)
DA:4,1
DA:5,3
DA:7,3
DA:8,1
DA:11,3
DA:12,1
DA:13,1
DA:14,1
DA:15,1
DA:18,3
LF:10
LH:10
BRF:0
BRH:0
end_of_record
TN:
SF:src\utilis\useOnlineStatus.js
FN:3,(anonymous_0)
FN:6,(anonymous_1)
FN:7,(anonymous_2)
FN:11,(anonymous_3)
FNF:4
FNH:2
FNDA:2,(anonymous_0)
FNDA:1,(anonymous_1)
FNDA:0,(anonymous_2)
FNDA:0,(anonymous_3)
DA:3,1
DA:4,2
DA:6,2
DA:7,1
DA:8,0
DA:11,1
DA:12,0
DA:16,2
LF:8
LH:6
BRF:0
BRH:0
end_of_record
TN:
SF:src\utilis\store\appStore.js
FNF:0
FNH:0
DA:4,1
LF:1
LH:1
BRF:0
BRH:0
end_of_record
TN:
SF:src\utilis\store\cartSlice.js
FN:9,(anonymous_0)
FN:12,(anonymous_1)
FN:13,(anonymous_2)
FN:19,(anonymous_3)
FNF:4
FNH:0
FNDA:0,(anonymous_0)
FNDA:0,(anonymous_1)
FNDA:0,(anonymous_2)
FNDA:0,(anonymous_3)
DA:3,1
DA:10,0
DA:13,0
DA:14,0
DA:16,0
DA:20,0
DA:25,1
LF:7
LH:2
BRDA:14,0,0,0
BRDA:14,0,1,0
BRF:2
BRH:0
end_of_record
